2016-04-14 00:14:18 CST LOG:  el sistema de bases de datos fue interrumpido; ˙ltima vez en funcionamiento en 2016-04-13 23:54:38 CST
2016-04-14 00:14:18 CST FATAL:  el sistema de base de datos est· inici·ndose
2016-04-14 00:14:18 CST LOG:  no se pudo recibir datos del cliente: unrecognized winsock error 10061
2016-04-14 00:14:18 CST LOG:  no se pudo recibir datos del cliente: unrecognized winsock error 10061
2016-04-14 00:14:18 CST LOG:  no se pudo recibir datos del cliente: unrecognized winsock error 10061
2016-04-14 00:14:19 CST LOG:  el sistema de bases de datos no fue apagado apropiadamente; se est· efectuando la recuperaciÛn autom·tica
2016-04-14 00:14:19 CST FATAL:  el sistema de base de datos est· inici·ndose
2016-04-14 00:14:20 CST LOG:  registro de longitud cero en 0/10D10088
2016-04-14 00:14:20 CST LOG:  no se requiere redo
2016-04-14 00:14:21 CST FATAL:  el sistema de base de datos est· inici·ndose
2016-04-14 00:14:21 CST LOG:  el sistema de bases de datos est· listo para aceptar conexiones
2016-04-14 00:14:21 CST LOG:  lanzador de autovacuum iniciado
2016-04-14 00:32:46 CST LOG:  no se pudo recibir datos del cliente: unrecognized winsock error 10061
2016-04-14 00:32:46 CST LOG:  el paquete de inicio est· incompleto
2016-04-14 16:06:52 CST ERROR:  no se pudo bloquear un candado en la fila de la relaci√≥n ¬´ir_cron¬ª
2016-04-14 16:06:52 CST SENTENCIA:  SELECT *
	                                   FROM ir_cron
	                                   WHERE id=1
	                                   FOR UPDATE NOWAIT
2016-04-14 17:52:36 CST ERROR:  no se pudo bloquear un candado en la fila de la relaci√≥n ¬´ir_cron¬ª
2016-04-14 17:52:36 CST SENTENCIA:  SELECT *
	                                   FROM ir_cron
	                                   WHERE id=1
	                                   FOR UPDATE NOWAIT
2016-04-14 22:09:14 CST LOG:  no se pudo recibir datos del cliente: unrecognized winsock error 10061
2016-04-14 22:09:14 CST LOG:  no se pudo recibir datos del cliente: unrecognized winsock error 10061
2016-04-14 22:09:14 CST LOG:  no se pudo recibir datos del cliente: unrecognized winsock error 10061
2016-04-14 22:09:14 CST LOG:  no se pudo recibir datos del cliente: unrecognized winsock error 10061
2016-04-14 22:09:14 CST LOG:  no se pudo recibir datos del cliente: unrecognized winsock error 10061
2016-04-14 22:09:14 CST LOG:  no se pudo recibir datos del cliente: unrecognized winsock error 10061
2016-04-14 22:09:14 CST LOG:  no se pudo recibir datos del cliente: unrecognized winsock error 10061
2016-04-14 22:09:14 CST LOG:  no se pudo recibir datos del cliente: unrecognized winsock error 10061
2016-04-14 22:09:14 CST LOG:  no se pudo recibir datos del cliente: unrecognized winsock error 10061
2016-04-14 22:09:14 CST LOG:  no se pudo recibir datos del cliente: unrecognized winsock error 10061
2016-04-14 22:09:14 CST LOG:  no se pudo recibir datos del cliente: unrecognized winsock error 10061
2016-04-14 22:09:54 CST LOG:  no se pudo recibir datos del cliente: unrecognized winsock error 10061
2016-04-14 22:09:55 CST LOG:  no se pudo enviar datos al cliente: unrecognized winsock error 10061
2016-04-14 22:09:55 CST FATAL:  se ha perdido la conexi√≥n al cliente
2016-04-14 22:10:35 CST ERROR:  no existe la columna account_invoice.category_id en car√°cter 933
2016-04-14 22:10:35 CST SENTENCIA:  SELECT account_invoice."origin",account_invoice."date_due",account_invoice."check_total",account_invoice."reference",account_invoice."supplier_invoice_number",account_invoice."number",account_invoice."account_id",account_invoice."company_id",account_invoice."currency_id",account_invoice."partner_id",account_invoice."fiscal_position",account_invoice."user_id",account_invoice."partner_bank_id",account_invoice."payment_term",account_invoice."reference_type",account_invoice."journal_id",account_invoice."amount_tax",account_invoice."state",account_invoice."type",account_invoice."internal_number",account_invoice."reconciled",account_invoice."residual",account_invoice."move_name",account_invoice."section_id",account_invoice."date_invoice",account_invoice."period_id",account_invoice."amount_untaxed",account_invoice."move_id",account_invoice."amount_total",account_invoice."name",account_invoice."comment",account_invoice."sent",account_invoice."category_id",account_invoice."commercial_partner_id",account_invoice.id FROM "account_invoice" WHERE account_invoice.id IN (4) ORDER BY id desc
2016-04-14 22:10:42 CST ERROR:  no existe la columna account_invoice.category_id en car√°cter 933
2016-04-14 22:10:42 CST SENTENCIA:  SELECT account_invoice."origin",account_invoice."date_due",account_invoice."check_total",account_invoice."reference",account_invoice."supplier_invoice_number",account_invoice."number",account_invoice."account_id",account_invoice."company_id",account_invoice."currency_id",account_invoice."partner_id",account_invoice."fiscal_position",account_invoice."user_id",account_invoice."partner_bank_id",account_invoice."payment_term",account_invoice."reference_type",account_invoice."journal_id",account_invoice."amount_tax",account_invoice."state",account_invoice."type",account_invoice."internal_number",account_invoice."reconciled",account_invoice."residual",account_invoice."move_name",account_invoice."section_id",account_invoice."date_invoice",account_invoice."period_id",account_invoice."amount_untaxed",account_invoice."move_id",account_invoice."amount_total",account_invoice."name",account_invoice."comment",account_invoice."sent",account_invoice."category_id",account_invoice."commercial_partner_id",account_invoice.id FROM "account_invoice" WHERE account_invoice.id IN (4) ORDER BY id desc
2016-04-14 22:10:53 CST ERROR:  no existe la columna account_invoice.category_id en car√°cter 933
2016-04-14 22:10:53 CST SENTENCIA:  SELECT account_invoice."origin",account_invoice."date_due",account_invoice."check_total",account_invoice."reference",account_invoice."supplier_invoice_number",account_invoice."number",account_invoice."account_id",account_invoice."company_id",account_invoice."currency_id",account_invoice."partner_id",account_invoice."fiscal_position",account_invoice."user_id",account_invoice."partner_bank_id",account_invoice."payment_term",account_invoice."reference_type",account_invoice."journal_id",account_invoice."amount_tax",account_invoice."state",account_invoice."type",account_invoice."internal_number",account_invoice."reconciled",account_invoice."residual",account_invoice."move_name",account_invoice."section_id",account_invoice."date_invoice",account_invoice."period_id",account_invoice."amount_untaxed",account_invoice."move_id",account_invoice."amount_total",account_invoice."name",account_invoice."comment",account_invoice."sent",account_invoice."category_id",account_invoice."commercial_partner_id",account_invoice.id FROM "account_invoice" WHERE account_invoice.id IN (4) ORDER BY id desc
2016-04-14 22:11:40 CST ERROR:  no existe la columna account_invoice.category_id en car√°cter 933
2016-04-14 22:11:40 CST SENTENCIA:  SELECT account_invoice."origin",account_invoice."date_due",account_invoice."check_total",account_invoice."reference",account_invoice."supplier_invoice_number",account_invoice."number",account_invoice."account_id",account_invoice."company_id",account_invoice."currency_id",account_invoice."partner_id",account_invoice."fiscal_position",account_invoice."user_id",account_invoice."partner_bank_id",account_invoice."payment_term",account_invoice."reference_type",account_invoice."journal_id",account_invoice."amount_tax",account_invoice."state",account_invoice."type",account_invoice."internal_number",account_invoice."reconciled",account_invoice."residual",account_invoice."move_name",account_invoice."section_id",account_invoice."date_invoice",account_invoice."period_id",account_invoice."amount_untaxed",account_invoice."move_id",account_invoice."amount_total",account_invoice."name",account_invoice."comment",account_invoice."sent",account_invoice."category_id",account_invoice."commercial_partner_id",account_invoice.id FROM "account_invoice" WHERE account_invoice.id IN (4) ORDER BY id desc
2016-04-14 22:12:21 CST ERROR:  no existe la columna account_invoice.category_id en car√°cter 933
2016-04-14 22:12:21 CST SENTENCIA:  SELECT account_invoice."origin",account_invoice."date_due",account_invoice."check_total",account_invoice."reference",account_invoice."supplier_invoice_number",account_invoice."number",account_invoice."account_id",account_invoice."company_id",account_invoice."currency_id",account_invoice."partner_id",account_invoice."fiscal_position",account_invoice."user_id",account_invoice."partner_bank_id",account_invoice."payment_term",account_invoice."reference_type",account_invoice."journal_id",account_invoice."amount_tax",account_invoice."state",account_invoice."type",account_invoice."internal_number",account_invoice."reconciled",account_invoice."residual",account_invoice."move_name",account_invoice."section_id",account_invoice."date_invoice",account_invoice."period_id",account_invoice."amount_untaxed",account_invoice."move_id",account_invoice."amount_total",account_invoice."name",account_invoice."comment",account_invoice."sent",account_invoice."category_id",account_invoice."commercial_partner_id",account_invoice.id FROM "account_invoice" WHERE account_invoice.id IN (4) ORDER BY id desc
2016-04-14 22:12:28 CST LOG:  no se pudo recibir datos del cliente: unrecognized winsock error 10061
2016-04-14 22:12:28 CST LOG:  no se pudo recibir datos del cliente: unrecognized winsock error 10061
2016-04-14 22:12:28 CST LOG:  no se pudo recibir datos del cliente: unrecognized winsock error 10061
2016-04-14 22:12:28 CST LOG:  no se pudo recibir datos del cliente: unrecognized winsock error 10061
2016-04-16 16:55:16 CST LOG:  proceso de servidor (PID 9100) fue terminado por una excepciÛn 0xC0000018
2016-04-16 16:55:16 CST HINT:  Vea el archivo ´ntstatus.hª para una descripciÛn del valor hexadecimal.
2016-04-16 16:55:16 CST LOG:  terminando todos los otros procesos de servidor activos
2016-04-16 16:55:16 CST WARNING:  terminando la conexiÛn debido a una falla en otro proceso servidor
2016-04-16 16:55:16 CST DETALLE:  Postmaster ha ordenado que este proceso servidor cancele la transacciÛn en curso y finalice la conexiÛn, porque otro proceso servidor ha terminado anormalmente y podrÌa haber corrompido la memoria compartida.
2016-04-16 16:55:16 CST HINT:  Dentro de un momento deberÌa poder reconectarse y repetir la consulta.
2016-04-16 16:55:16 CST WARNING:  terminando la conexi√≥n debido a una falla en otro proceso servidor
2016-04-16 16:55:16 CST DETALLE:  Postmaster ha ordenado que este proceso servidor cancele la transacci√≥n en curso y finalice la conexi√≥n, porque otro proceso servidor ha terminado anormalmente y podr√≠a haber corrompido la memoria compartida.
2016-04-16 16:55:16 CST HINT:  Dentro de un momento deber√≠a poder reconectarse y repetir la consulta.
2016-04-16 16:55:16 CST WARNING:  terminando la conexi√≥n debido a una falla en otro proceso servidor
2016-04-16 16:55:16 CST DETALLE:  Postmaster ha ordenado que este proceso servidor cancele la transacci√≥n en curso y finalice la conexi√≥n, porque otro proceso servidor ha terminado anormalmente y podr√≠a haber corrompido la memoria compartida.
2016-04-16 16:55:16 CST HINT:  Dentro de un momento deber√≠a poder reconectarse y repetir la consulta.
2016-04-16 16:55:16 CST WARNING:  terminando la conexi√≥n debido a una falla en otro proceso servidor
2016-04-16 16:55:16 CST DETALLE:  Postmaster ha ordenado que este proceso servidor cancele la transacci√≥n en curso y finalice la conexi√≥n, porque otro proceso servidor ha terminado anormalmente y podr√≠a haber corrompido la memoria compartida.
2016-04-16 16:55:16 CST HINT:  Dentro de un momento deber√≠a poder reconectarse y repetir la consulta.
2016-04-16 16:55:16 CST WARNING:  terminando la conexi√≥n debido a una falla en otro proceso servidor
2016-04-16 16:55:16 CST DETALLE:  Postmaster ha ordenado que este proceso servidor cancele la transacci√≥n en curso y finalice la conexi√≥n, porque otro proceso servidor ha terminado anormalmente y podr√≠a haber corrompido la memoria compartida.
2016-04-16 16:55:16 CST HINT:  Dentro de un momento deber√≠a poder reconectarse y repetir la consulta.
2016-04-16 16:55:16 CST WARNING:  terminando la conexi√≥n debido a una falla en otro proceso servidor
2016-04-16 16:55:16 CST DETALLE:  Postmaster ha ordenado que este proceso servidor cancele la transacci√≥n en curso y finalice la conexi√≥n, porque otro proceso servidor ha terminado anormalmente y podr√≠a haber corrompido la memoria compartida.
2016-04-16 16:55:16 CST HINT:  Dentro de un momento deber√≠a poder reconectarse y repetir la consulta.
2016-04-16 16:55:17 CST LOG:  todos los procesos fueron terminados; reinicializando
2016-04-16 16:55:27 CST FATAL:  el bloque de memoria compartida preexistente a˙n est· en uso
2016-04-16 16:55:27 CST HINT:  Verifique si hay procesos de servidor antiguos a˙n en funcionamiento, y termÌnelos.
